<?xml version="1.0" encoding="UTF-8"?>
<!-- Generated by org.testng.reporters.JUnitReportReporter -->
<testsuite hostname="PE-HO-451" failures="0" tests="5" name="RunPruebas.RunPrueba" time="248.992" errors="0" timestamp="2022-10-03T08:55:06 COT" skipped="0">
  <testcase classname="RunPruebas.RunPrueba" name="agregarAlCarrito" time="68.671"/>
  <system-out/>
  <testcase classname="RunPruebas.RunPrueba" name="crearCuentaHome" time="46.968"/>
  <system-out/>
  <testcase classname="RunPruebas.RunPrueba" name="pruebaAlerts" time="41.453"/>
  <system-out/>
  <testcase classname="RunPruebas.RunPrueba" name="pruebaWidgets" time="36.713"/>
  <system-out/>
  <testcase classname="RunPruebas.RunPrueba" name="pruebaMercury" time="55.187"/>
  <system-out/>
</testsuite> <!-- RunPruebas.RunPrueba -->
